TN:
SF:src/modificacion/adapter.ts
FN:5,(anonymous_0)
FNF:1
FNH:1
FNDA:72,(anonymous_0)
DA:2,1
DA:4,1
DA:5,72
DA:6,72
LF:4
LH:4
BRF:0
BRH:0
end_of_record
TN:
SF:src/modificacion/complex.ts
FN:7,(anonymous_0)
FN:13,(anonymous_1)
FN:19,(anonymous_2)
FN:26,(anonymous_3)
FN:35,(anonymous_4)
FN:44,(anonymous_5)
FN:55,(anonymous_6)
FNF:7
FNH:7
FNDA:180,(anonymous_0)
FNDA:96,(anonymous_1)
FNDA:87,(anonymous_2)
FNDA:9,(anonymous_3)
FNDA:9,(anonymous_4)
FNDA:9,(anonymous_5)
FNDA:9,(anonymous_6)
DA:6,1
DA:7,180
DA:13,96
DA:19,87
DA:27,9
DA:36,9
DA:45,9
DA:46,9
DA:47,9
DA:56,9
DA:58,9
DA:60,9
LF:12
LH:12
BRF:0
BRH:0
end_of_record
TN:
SF:src/modificacion/rational.ts
FN:12,(anonymous_0)
FN:18,(anonymous_1)
FN:24,(anonymous_2)
FN:32,(anonymous_3)
FN:43,(anonymous_4)
FN:54,(anonymous_5)
FN:67,(anonymous_6)
FN:80,(anonymous_7)
FN:93,(anonymous_8)
FNF:9
FNH:9
FNDA:84,(anonymous_0)
FNDA:80,(anonymous_1)
FNDA:80,(anonymous_2)
FNDA:16,(anonymous_3)
FNDA:4,(anonymous_4)
FNDA:1,(anonymous_5)
FNDA:1,(anonymous_6)
FNDA:1,(anonymous_7)
FNDA:1,(anonymous_8)
DA:6,1
DA:12,84
DA:18,80
DA:24,80
DA:33,16
DA:34,4
DA:36,12
DA:44,4
DA:45,4
DA:46,4
DA:55,1
DA:56,1
DA:57,1
DA:58,1
DA:59,1
DA:68,1
DA:69,1
DA:70,1
DA:71,1
DA:72,1
DA:81,1
DA:82,1
DA:83,1
DA:84,1
DA:85,1
DA:94,1
DA:95,1
DA:96,1
DA:97,1
DA:98,1
LF:30
LH:30
BRDA:33,0,0,4
BRDA:33,0,1,12
BRF:2
BRH:2
end_of_record
